<?xml version="1.0" encoding="UTF-8"?>
<testng-results ignored="0" total="1" passed="1" failed="0" skipped="0">
  <reporter-output>
  </reporter-output>
  <suite started-at="2024-01-11T11:38:43 CET" name="Default suite" finished-at="2024-01-11T11:38:56 CET" duration-ms="12733">
    <groups>
    </groups>
    <test started-at="2024-01-11T11:38:43 CET" name="Default test" finished-at="2024-01-11T11:38:56 CET" duration-ms="12733">
      <class name="tests.FactoryDemoExercice">
        <test-method is-config="true" signature="Setup()[pri:0, instance:tests.FactoryDemoExercice@771a660]" started-at="2024-01-11T11:38:43 CET" name="Setup" finished-at="2024-01-11T11:38:45 CET" duration-ms="1710" status="PASS">
          <reporter-output>
          </reporter-output>
        </test-method> <!-- Setup -->
        <test-method signature="testSteps()[pri:0, instance:tests.FactoryDemoExercice@771a660]" started-at="2024-01-11T11:38:45 CET" name="testSteps" finished-at="2024-01-11T11:38:53 CET" duration-ms="8713" status="PASS">
          <reporter-output>
          </reporter-output>
        </test-method> <!-- testSteps -->
        <test-method is-config="true" signature="teardown()[pri:0, instance:tests.FactoryDemoExercice@771a660]" started-at="2024-01-11T11:38:53 CET" name="teardown" finished-at="2024-01-11T11:38:56 CET" duration-ms="2281" status="PASS">
          <reporter-output>
          </reporter-output>
        </test-method> <!-- teardown -->
      </class> <!-- tests.FactoryDemoExercice -->
    </test> <!-- Default test -->
  </suite> <!-- Default suite -->
</testng-results>
